[debug] [2026-04-08T07:05:02.110Z] ----------------------------------------------------------------------
[debug] [2026-04-08T07:05:02.126Z] Command:       C:\Program Files\nodejs\node.exe C:\Users\riley\AppData\Roaming\npm\node_modules\firebase-tools\lib\bin\firebase.js deploy --only functions
[debug] [2026-04-08T07:05:02.127Z] CLI Version:   13.35.1
[debug] [2026-04-08T07:05:02.127Z] Platform:      win32
[debug] [2026-04-08T07:05:02.127Z] Node Version:  v20.13.1
[debug] [2026-04-08T07:05:02.128Z] Time:          Wed Apr 08 2026 17:05:02 GMT+1000 (Australian Eastern Standard Time)
[debug] [2026-04-08T07:05:02.128Z] ----------------------------------------------------------------------
[debug] 
[debug] [2026-04-08T07:05:02.380Z] > command requires scopes: ["email","openid","https://www.googleapis.com/auth/cloudplatformprojects.readonly","https://www.googleapis.com/auth/firebase","https://www.googleapis.com/auth/cloud-platform"]
[debug] [2026-04-08T07:05:02.381Z] > authorizing via signed-in user (rileyoakes701@gmail.com)
[debug] [2026-04-08T07:05:02.381Z] [iam] checking project tmstipping for permissions ["cloudfunctions.functions.create","cloudfunctions.functions.delete","cloudfunctions.functions.get","cloudfunctions.functions.list","cloudfunctions.functions.update","cloudfunctions.operations.get","firebase.projects.get"]
[debug] [2026-04-08T07:05:02.385Z] Checked if tokens are valid: true, expires at: 1775633650472
[debug] [2026-04-08T07:05:02.386Z] Checked if tokens are valid: true, expires at: 1775633650472
[debug] [2026-04-08T07:05:02.387Z] >>> [apiv2][query] POST https://cloudresourcemanager.googleapis.com/v1/projects/tmstipping:testIamPermissions [none]
[debug] [2026-04-08T07:05:02.387Z] >>> [apiv2][(partial)header] POST https://cloudresourcemanager.googleapis.com/v1/projects/tmstipping:testIamPermissions x-goog-quota-user=projects/tmstipping
[debug] [2026-04-08T07:05:02.387Z] >>> [apiv2][body] POST https://cloudresourcemanager.googleapis.com/v1/projects/tmstipping:testIamPermissions {"permissions":["cloudfunctions.functions.create","cloudfunctions.functions.delete","cloudfunctions.functions.get","cloudfunctions.functions.list","cloudfunctions.functions.update","cloudfunctions.operations.get","firebase.projects.get"]}
[debug] [2026-04-08T07:05:02.880Z] <<< [apiv2][status] POST https://cloudresourcemanager.googleapis.com/v1/projects/tmstipping:testIamPermissions 200
[debug] [2026-04-08T07:05:02.880Z] <<< [apiv2][body] POST https://cloudresourcemanager.googleapis.com/v1/projects/tmstipping:testIamPermissions {"permissions":["cloudfunctions.functions.create","cloudfunctions.functions.delete","cloudfunctions.functions.get","cloudfunctions.functions.list","cloudfunctions.functions.update","cloudfunctions.operations.get","firebase.projects.get"]}
[debug] [2026-04-08T07:05:02.881Z] Checked if tokens are valid: true, expires at: 1775633650472
[debug] [2026-04-08T07:05:02.881Z] Checked if tokens are valid: true, expires at: 1775633650472
[debug] [2026-04-08T07:05:02.881Z] >>> [apiv2][query] POST https://iam.googleapis.com/v1/projects/tmstipping/serviceAccounts/tmstipping@appspot.gserviceaccount.com:testIamPermissions [none]
[debug] [2026-04-08T07:05:02.881Z] >>> [apiv2][body] POST https://iam.googleapis.com/v1/projects/tmstipping/serviceAccounts/tmstipping@appspot.gserviceaccount.com:testIamPermissions {"permissions":["iam.serviceAccounts.actAs"]}
[debug] [2026-04-08T07:05:03.302Z] <<< [apiv2][status] POST https://iam.googleapis.com/v1/projects/tmstipping/serviceAccounts/tmstipping@appspot.gserviceaccount.com:testIamPermissions 404
[debug] [2026-04-08T07:05:03.302Z] <<< [apiv2][body] POST https://iam.googleapis.com/v1/projects/tmstipping/serviceAccounts/tmstipping@appspot.gserviceaccount.com:testIamPermissions {"error":{"code":404,"message":"Unknown service account","status":"NOT_FOUND"}}
[debug] [2026-04-08T07:05:03.303Z] [functions] service account IAM check errored, deploy may fail: Request to https://iam.googleapis.com/v1/projects/tmstipping/serviceAccounts/tmstipping@appspot.gserviceaccount.com:testIamPermissions had HTTP Error: 404, Unknown service account {"name":"FirebaseError","children":[],"context":{"body":{"error":{"code":404,"message":"Unknown service account","status":"NOT_FOUND"}},"response":{"statusCode":404}},"exit":1,"message":"Request to https://iam.googleapis.com/v1/projects/tmstipping/serviceAccounts/tmstipping@appspot.gserviceaccount.com:testIamPermissions had HTTP Error: 404, Unknown service account","status":404}
[info] 
[info] === Deploying to 'tmstipping'...
[info] 
[info] i  deploying functions 
[debug] [2026-04-08T07:05:03.307Z] Checked if tokens are valid: true, expires at: 1775633650472
[debug] [2026-04-08T07:05:03.307Z] Checked if tokens are valid: true, expires at: 1775633650472
[debug] [2026-04-08T07:05:03.308Z] >>> [apiv2][query] GET https://cloudresourcemanager.googleapis.com/v1/projects/tmstipping [none]
[debug] [2026-04-08T07:05:03.561Z] <<< [apiv2][status] GET https://cloudresourcemanager.googleapis.com/v1/projects/tmstipping 200
[debug] [2026-04-08T07:05:03.561Z] <<< [apiv2][body] GET https://cloudresourcemanager.googleapis.com/v1/projects/tmstipping {"projectNumber":"401677933527","projectId":"tmstipping","lifecycleState":"ACTIVE","name":"tmstipping","labels":{"firebase":"enabled","firebase-core":"disabled"},"createTime":"2025-07-09T05:51:18.044987Z"}
[info] i  functions: preparing codebase default for deployment 
[info] i  functions: ensuring required API cloudfunctions.googleapis.com is enabled... 
[debug] [2026-04-08T07:05:03.564Z] Checked if tokens are valid: true, expires at: 1775633650472
[debug] [2026-04-08T07:05:03.565Z] Checked if tokens are valid: true, expires at: 1775633650472
[debug] [2026-04-08T07:05:03.565Z] Checked if tokens are valid: true, expires at: 1775633650472
[debug] [2026-04-08T07:05:03.565Z] Checked if tokens are valid: true, expires at: 1775633650472
[info] i  functions: ensuring required API cloudbuild.googleapis.com is enabled... 
[debug] [2026-04-08T07:05:03.566Z] Checked if tokens are valid: true, expires at: 1775633650472
[debug] [2026-04-08T07:05:03.566Z] Checked if tokens are valid: true, expires at: 1775633650472
[info] i  artifactregistry: ensuring required API artifactregistry.googleapis.com is enabled... 
[debug] [2026-04-08T07:05:03.566Z] Checked if tokens are valid: true, expires at: 1775633650472
[debug] [2026-04-08T07:05:03.567Z] Checked if tokens are valid: true, expires at: 1775633650472
[debug] [2026-04-08T07:05:03.567Z] >>> [apiv2][query] GET https://serviceusage.googleapis.com/v1/projects/tmstipping/services/cloudfunctions.googleapis.com [none]
[debug] [2026-04-08T07:05:03.567Z] >>> [apiv2][(partial)header] GET https://serviceusage.googleapis.com/v1/projects/tmstipping/services/cloudfunctions.googleapis.com x-goog-quota-user=projects/tmstipping
[debug] [2026-04-08T07:05:03.568Z] >>> [apiv2][query] GET https://serviceusage.googleapis.com/v1/projects/tmstipping/services/runtimeconfig.googleapis.com [none]
[debug] [2026-04-08T07:05:03.568Z] >>> [apiv2][(partial)header] GET https://serviceusage.googleapis.com/v1/projects/tmstipping/services/runtimeconfig.googleapis.com x-goog-quota-user=projects/tmstipping
[debug] [2026-04-08T07:05:03.570Z] >>> [apiv2][query] GET https://serviceusage.googleapis.com/v1/projects/tmstipping/services/cloudbuild.googleapis.com [none]
[debug] [2026-04-08T07:05:03.570Z] >>> [apiv2][(partial)header] GET https://serviceusage.googleapis.com/v1/projects/tmstipping/services/cloudbuild.googleapis.com x-goog-quota-user=projects/tmstipping
[debug] [2026-04-08T07:05:03.571Z] >>> [apiv2][query] GET https://serviceusage.googleapis.com/v1/projects/tmstipping/services/artifactregistry.googleapis.com [none]
[debug] [2026-04-08T07:05:03.571Z] >>> [apiv2][(partial)header] GET https://serviceusage.googleapis.com/v1/projects/tmstipping/services/artifactregistry.googleapis.com x-goog-quota-user=projects/tmstipping
[debug] [2026-04-08T07:05:04.010Z] <<< [apiv2][status] GET https://serviceusage.googleapis.com/v1/projects/tmstipping/services/cloudbuild.googleapis.com 200
[debug] [2026-04-08T07:05:04.010Z] <<< [apiv2][body] GET https://serviceusage.googleapis.com/v1/projects/tmstipping/services/cloudbuild.googleapis.com [omitted]
[info] +  functions: required API cloudbuild.googleapis.com is enabled 
[debug] [2026-04-08T07:05:04.034Z] <<< [apiv2][status] GET https://serviceusage.googleapis.com/v1/projects/tmstipping/services/cloudfunctions.googleapis.com 200
[debug] [2026-04-08T07:05:04.034Z] <<< [apiv2][body] GET https://serviceusage.googleapis.com/v1/projects/tmstipping/services/cloudfunctions.googleapis.com [omitted]
[info] +  functions: required API cloudfunctions.googleapis.com is enabled 
[debug] [2026-04-08T07:05:04.967Z] <<< [apiv2][status] GET https://serviceusage.googleapis.com/v1/projects/tmstipping/services/runtimeconfig.googleapis.com 200
[debug] [2026-04-08T07:05:04.967Z] <<< [apiv2][body] GET https://serviceusage.googleapis.com/v1/projects/tmstipping/services/runtimeconfig.googleapis.com [omitted]
[debug] [2026-04-08T07:05:05.145Z] <<< [apiv2][status] GET https://serviceusage.googleapis.com/v1/projects/tmstipping/services/artifactregistry.googleapis.com 200
[debug] [2026-04-08T07:05:05.145Z] <<< [apiv2][body] GET https://serviceusage.googleapis.com/v1/projects/tmstipping/services/artifactregistry.googleapis.com [omitted]
[info] +  artifactregistry: required API artifactregistry.googleapis.com is enabled 
[debug] [2026-04-08T07:05:05.145Z] Checked if tokens are valid: true, expires at: 1775633650472
[debug] [2026-04-08T07:05:05.145Z] Checked if tokens are valid: true, expires at: 1775633650472
[debug] [2026-04-08T07:05:05.146Z] >>> [apiv2][query] GET https://firebase.googleapis.com/v1beta1/projects/tmstipping/adminSdkConfig [none]
[debug] [2026-04-08T07:05:05.826Z] <<< [apiv2][status] GET https://firebase.googleapis.com/v1beta1/projects/tmstipping/adminSdkConfig 200
[debug] [2026-04-08T07:05:05.827Z] <<< [apiv2][body] GET https://firebase.googleapis.com/v1beta1/projects/tmstipping/adminSdkConfig {"projectId":"tmstipping","databaseURL":"https://tmstipping-default-rtdb.firebaseio.com","storageBucket":"tmstipping.firebasestorage.app"}
[debug] [2026-04-08T07:05:05.827Z] Checked if tokens are valid: true, expires at: 1775633650472
[debug] [2026-04-08T07:05:05.827Z] Checked if tokens are valid: true, expires at: 1775633650472
[debug] [2026-04-08T07:05:05.827Z] >>> [apiv2][query] GET https://runtimeconfig.googleapis.com/v1beta1/projects/tmstipping/configs [none]
[debug] [2026-04-08T07:05:06.545Z] <<< [apiv2][status] GET https://runtimeconfig.googleapis.com/v1beta1/projects/tmstipping/configs 200
[debug] [2026-04-08T07:05:06.545Z] <<< [apiv2][body] GET https://runtimeconfig.googleapis.com/v1beta1/projects/tmstipping/configs {}
[debug] [2026-04-08T07:05:06.547Z] Validating nodejs source
[warn] !  functions: Runtime Node.js 20 will be deprecated on 2026-04-30 and will be decommissioned on 2026-10-31, after which you will not be able to deploy without upgrading. Consider upgrading now to avoid disruption. See https://cloud.google.com/functions/docs/runtime-support for full details on the lifecycle policy 
[warn] !  functions: package.json indicates an outdated version of firebase-functions. Please upgrade using npm install --save firebase-functions@latest in your functions directory. 
[warn] !  functions: Please note that there will be breaking changes when you upgrade. 
[debug] [2026-04-08T07:05:08.117Z] > [functions] package.json contents: {
  "name": "tmstipping-functions",
  "private": true,
  "main": "index.js",
  "engines": {
    "node": "20"
  },
  "scripts": {
    "lint": "echo 'No linter configured'",
    "serve": "firebase emulators:start --only functions",
    "deploy": "firebase deploy --only functions"
  },
  "dependencies": {
    "firebase-admin": "^12.7.0",
    "firebase-functions": "^5.1.1",
    "luxon": "^3.5.0"
  }
}
[debug] [2026-04-08T07:05:08.117Z] Building nodejs source
[info] i  functions: Loading and analyzing source code for codebase default to determine what to deploy 
[debug] [2026-04-08T07:05:08.119Z] Could not find functions.yaml. Must use http discovery
[debug] [2026-04-08T07:05:08.132Z] Found firebase-functions binary at 'C:\Users\riley\OneDrive\1. All Files (Personal)\Documents\GitHub\tmstipping\functions\node_modules\.bin\firebase-functions'
[info] Serving at port 8490

[debug] [2026-04-08T07:05:09.397Z] Got response from /__/functions.yaml {"endpoints":{"sendAdminNotification":{"availableMemoryMb":null,"timeoutSeconds":null,"minInstances":null,"maxInstances":null,"ingressSettings":null,"concurrency":null,"serviceAccountEmail":null,"vpc":null,"platform":"gcfv2","region":["us-central1"],"labels":{},"callableTrigger":{},"entryPoint":"sendAdminNotification"},"sendUserTestNotification":{"availableMemoryMb":null,"timeoutSeconds":null,"minInstances":null,"maxInstances":null,"ingressSettings":null,"concurrency":null,"serviceAccountEmail":null,"vpc":null,"platform":"gcfv2","region":["us-central1"],"labels":{},"callableTrigger":{},"entryPoint":"sendUserTestNotification"},"sendNotificationTest":{"availableMemoryMb":null,"timeoutSeconds":null,"minInstances":null,"maxInstances":null,"ingressSettings":null,"concurrency":null,"serviceAccountEmail":null,"vpc":null,"platform":"gcfv2","region":["us-central1"],"labels":{},"callableTrigger":{},"entryPoint":"sendNotificationTest"},"upsertRaceReminderSubscriptions":{"availableMemoryMb":null,"timeoutSeconds":null,"minInstances":null,"maxInstances":null,"ingressSettings":null,"concurrency":null,"serviceAccountEmail":null,"vpc":null,"platform":"gcfv2","region":["us-central1"],"labels":{},"callableTrigger":{},"entryPoint":"upsertRaceReminderSubscriptions"},"sendRaceReminderNotifications":{"availableMemoryMb":null,"timeoutSeconds":null,"minInstances":null,"maxInstances":null,"ingressSettings":null,"concurrency":null,"serviceAccountEmail":null,"vpc":null,"platform":"gcfv2","region":["us-central1"],"labels":{},"scheduleTrigger":{"schedule":"every 1 minutes","retryConfig":{"retryCount":2},"timeZone":"Australia/Sydney"},"entryPoint":"sendRaceReminderNotifications"}},"specVersion":"v1alpha1","requiredAPIs":[{"api":"cloudscheduler.googleapis.com","reason":"Needed for scheduled functions."}],"extensions":{}}
[info] i  extensions: ensuring required API firebaseextensions.googleapis.com is enabled... 
[debug] [2026-04-08T07:05:14.453Z] Checked if tokens are valid: true, expires at: 1775633650472
[debug] [2026-04-08T07:05:14.453Z] Checked if tokens are valid: true, expires at: 1775633650472
[debug] [2026-04-08T07:05:14.453Z] >>> [apiv2][query] GET https://serviceusage.googleapis.com/v1/projects/tmstipping/services/firebaseextensions.googleapis.com [none]
[debug] [2026-04-08T07:05:14.454Z] >>> [apiv2][(partial)header] GET https://serviceusage.googleapis.com/v1/projects/tmstipping/services/firebaseextensions.googleapis.com x-goog-quota-user=projects/tmstipping
[debug] [2026-04-08T07:05:14.943Z] <<< [apiv2][status] GET https://serviceusage.googleapis.com/v1/projects/tmstipping/services/firebaseextensions.googleapis.com 200
[debug] [2026-04-08T07:05:14.944Z] <<< [apiv2][body] GET https://serviceusage.googleapis.com/v1/projects/tmstipping/services/firebaseextensions.googleapis.com [omitted]
[info] +  extensions: required API firebaseextensions.googleapis.com is enabled 
[debug] [2026-04-08T07:05:14.944Z] > command requires scopes: ["email","openid","https://www.googleapis.com/auth/cloudplatformprojects.readonly","https://www.googleapis.com/auth/firebase","https://www.googleapis.com/auth/cloud-platform"]
[debug] [2026-04-08T07:05:14.944Z] > authorizing via signed-in user (rileyoakes701@gmail.com)
[debug] [2026-04-08T07:05:14.945Z] [iam] checking project tmstipping for permissions ["firebase.projects.get","firebaseextensions.instances.list"]
[debug] [2026-04-08T07:05:14.945Z] Checked if tokens are valid: true, expires at: 1775633650472
[debug] [2026-04-08T07:05:14.945Z] Checked if tokens are valid: true, expires at: 1775633650472
[debug] [2026-04-08T07:05:14.945Z] >>> [apiv2][query] POST https://cloudresourcemanager.googleapis.com/v1/projects/tmstipping:testIamPermissions [none]
[debug] [2026-04-08T07:05:14.945Z] >>> [apiv2][(partial)header] POST https://cloudresourcemanager.googleapis.com/v1/projects/tmstipping:testIamPermissions x-goog-quota-user=projects/tmstipping
[debug] [2026-04-08T07:05:14.945Z] >>> [apiv2][body] POST https://cloudresourcemanager.googleapis.com/v1/projects/tmstipping:testIamPermissions {"permissions":["firebase.projects.get","firebaseextensions.instances.list"]}
[debug] [2026-04-08T07:05:16.383Z] <<< [apiv2][status] POST https://cloudresourcemanager.googleapis.com/v1/projects/tmstipping:testIamPermissions 200
[debug] [2026-04-08T07:05:16.383Z] <<< [apiv2][body] POST https://cloudresourcemanager.googleapis.com/v1/projects/tmstipping:testIamPermissions {"permissions":["firebase.projects.get","firebaseextensions.instances.list"]}
[debug] [2026-04-08T07:05:16.383Z] Checked if tokens are valid: true, expires at: 1775633650472
[debug] [2026-04-08T07:05:16.384Z] Checked if tokens are valid: true, expires at: 1775633650472
[debug] [2026-04-08T07:05:16.385Z] >>> [apiv2][query] GET https://firebaseextensions.googleapis.com/v1beta/projects/tmstipping/instances pageSize=100&pageToken=
[debug] [2026-04-08T07:05:17.705Z] <<< [apiv2][status] GET https://firebaseextensions.googleapis.com/v1beta/projects/tmstipping/instances 200
[debug] [2026-04-08T07:05:17.705Z] <<< [apiv2][body] GET https://firebaseextensions.googleapis.com/v1beta/projects/tmstipping/instances {}
[info] i  functions: preparing functions directory for uploading... 
[info] i  functions: packaged C:\Users\riley\OneDrive\1. All Files (Personal)\Documents\GitHub\tmstipping\functions (33.02 KB) for uploading 
[debug] [2026-04-08T07:05:17.768Z] Checked if tokens are valid: true, expires at: 1775633650472
[debug] [2026-04-08T07:05:17.768Z] Checked if tokens are valid: true, expires at: 1775633650472
[debug] [2026-04-08T07:05:17.769Z] >>> [apiv2][query] GET https://cloudfunctions.googleapis.com/v1/projects/tmstipping/locations/-/functions [none]
[debug] [2026-04-08T07:05:18.732Z] <<< [apiv2][status] GET https://cloudfunctions.googleapis.com/v1/projects/tmstipping/locations/-/functions 200
[debug] [2026-04-08T07:05:18.733Z] <<< [apiv2][body] GET https://cloudfunctions.googleapis.com/v1/projects/tmstipping/locations/-/functions {}
[debug] [2026-04-08T07:05:18.733Z] Checked if tokens are valid: true, expires at: 1775633650472
[debug] [2026-04-08T07:05:18.733Z] Checked if tokens are valid: true, expires at: 1775633650472
[debug] [2026-04-08T07:05:18.733Z] >>> [apiv2][query] GET https://cloudfunctions.googleapis.com/v2/projects/tmstipping/locations/-/functions filter=environment%3D%22GEN_2%22
[debug] [2026-04-08T07:05:21.789Z] <<< [apiv2][status] GET https://cloudfunctions.googleapis.com/v2/projects/tmstipping/locations/-/functions 200
[debug] [2026-04-08T07:05:21.790Z] <<< [apiv2][body] GET https://cloudfunctions.googleapis.com/v2/projects/tmstipping/locations/-/functions {"functions":[{"name":"projects/tmstipping/locations/us-central1/functions/upsertRaceReminderSubscriptions","buildConfig":{"build":"projects/401677933527/locations/us-central1/builds/45f0e91c-7850-48ef-a014-3b20970f3be5","runtime":"nodejs20","entryPoint":"upsertRaceReminderSubscriptions","source":{"storageSource":{"bucket":"gcf-v2-sources-401677933527-us-central1","object":"upsertRaceReminderSubscriptions/function-source.zip","generation":"1775630280587509"}},"environmentVariables":{"GOOGLE_NODE_RUN_SCRIPTS":""},"dockerRepository":"projects/tmstipping/locations/us-central1/repositories/gcf-artifacts","sourceProvenance":{"resolvedStorageSource":{"bucket":"gcf-v2-sources-401677933527-us-central1","object":"upsertRaceReminderSubscriptions/function-source.zip","generation":"1775630280587509"}},"dockerRegistry":"ARTIFACT_REGISTRY","serviceAccount":"projects/tmstipping/serviceAccounts/401677933527-compute@developer.gserviceaccount.com","automaticUpdatePolicy":{}},"serviceConfig":{"service":"projects/tmstipping/locations/us-central1/services/upsertraceremindersubscriptions","timeoutSeconds":60,"environmentVariables":{"FIREBASE_CONFIG":"{\"projectId\":\"tmstipping\",\"databaseURL\":\"https://tmstipping-default-rtdb.firebaseio.com\",\"storageBucket\":\"tmstipping.firebasestorage.app\"}","GCLOUD_PROJECT":"tmstipping","EVENTARC_CLOUD_EVENT_SOURCE":"projects/tmstipping/locations/us-central1/services/upsertRaceReminderSubscriptions","FUNCTION_TARGET":"upsertRaceReminderSubscriptions","LOG_EXECUTION_ID":"true"},"ingressSettings":"ALLOW_ALL","uri":"https://upsertraceremindersubscriptions-mnv7ocgriq-uc.a.run.app","serviceAccountEmail":"401677933527-compute@developer.gserviceaccount.com","availableMemory":"256Mi","allTrafficOnLatestRevision":true,"revision":"upsertraceremindersubscriptions-00001-zuw","maxInstanceRequestConcurrency":80,"availableCpu":"1"},"state":"ACTIVE","updateTime":"2026-04-08T06:39:04.469234705Z","labels":{"deployment-tool":"cli-firebase","deployment-callable":"true","firebase-functions-hash":"e7e5e3724683bbf75b6c57307881d9fd88efa803"},"environment":"GEN_2","url":"https://us-central1-tmstipping.cloudfunctions.net/upsertRaceReminderSubscriptions","createTime":"2026-04-08T06:38:00.814771855Z","satisfiesPzi":true},{"name":"projects/tmstipping/locations/us-central1/functions/sendNotificationTest","buildConfig":{"build":"projects/401677933527/locations/us-central1/builds/24c39adc-0e48-40a5-a888-e9a184fe88a3","runtime":"nodejs20","entryPoint":"sendNotificationTest","source":{"storageSource":{"bucket":"gcf-v2-sources-401677933527-us-central1","object":"sendNotificationTest/function-source.zip","generation":"1775630280415702"}},"environmentVariables":{"GOOGLE_NODE_RUN_SCRIPTS":""},"dockerRepository":"projects/tmstipping/locations/us-central1/repositories/gcf-artifacts","sourceProvenance":{"resolvedStorageSource":{"bucket":"gcf-v2-sources-401677933527-us-central1","object":"sendNotificationTest/function-source.zip","generation":"1775630280415702"}},"dockerRegistry":"ARTIFACT_REGISTRY","serviceAccount":"projects/tmstipping/serviceAccounts/401677933527-compute@developer.gserviceaccount.com","automaticUpdatePolicy":{}},"serviceConfig":{"service":"projects/tmstipping/locations/us-central1/services/sendnotificationtest","timeoutSeconds":60,"environmentVariables":{"FIREBASE_CONFIG":"{\"projectId\":\"tmstipping\",\"databaseURL\":\"https://tmstipping-default-rtdb.firebaseio.com\",\"storageBucket\":\"tmstipping.firebasestorage.app\"}","GCLOUD_PROJECT":"tmstipping","EVENTARC_CLOUD_EVENT_SOURCE":"projects/tmstipping/locations/us-central1/services/sendNotificationTest","FUNCTION_TARGET":"sendNotificationTest","LOG_EXECUTION_ID":"true"},"ingressSettings":"ALLOW_ALL","uri":"https://sendnotificationtest-mnv7ocgriq-uc.a.run.app","serviceAccountEmail":"401677933527-compute@developer.gserviceaccount.com","availableMemory":"256Mi","allTrafficOnLatestRevision":true,"revision":"sendnotificationtest-00001-zes","maxInstanceRequestConcurrency":80,"availableCpu":"1"},"state":"ACTIVE","updateTime":"2026-04-08T06:39:04.272971584Z","labels":{"deployment-tool":"cli-firebase","deployment-callable":"true","firebase-functions-hash":"e7e5e3724683bbf75b6c57307881d9fd88efa803"},"environment":"GEN_2","url":"https://us-central1-tmstipping.cloudfunctions.net/sendNotificationTest","createTime":"2026-04-08T06:38:00.630728873Z","satisfiesPzi":true},{"name":"projects/tmstipping/locations/us-central1/functions/sendRaceReminderNotifications","buildConfig":{"build":"projects/401677933527/locations/us-central1/builds/8290aacc-8166-4d0f-8663-ce757476432d","runtime":"nodejs20","entryPoint":"sendRaceReminderNotifications","source":{"storageSource":{"bucket":"gcf-v2-sources-401677933527-us-central1","object":"sendRaceReminderNotifications/function-source.zip","generation":"1775630280392426"}},"environmentVariables":{"GOOGLE_NODE_RUN_SCRIPTS":""},"dockerRepository":"projects/tmstipping/locations/us-central1/repositories/gcf-artifacts","sourceProvenance":{"resolvedStorageSource":{"bucket":"gcf-v2-sources-401677933527-us-central1","object":"sendRaceReminderNotifications/function-source.zip","generation":"1775630280392426"}},"dockerRegistry":"ARTIFACT_REGISTRY","serviceAccount":"projects/tmstipping/serviceAccounts/401677933527-compute@developer.gserviceaccount.com","automaticUpdatePolicy":{}},"serviceConfig":{"service":"projects/tmstipping/locations/us-central1/services/sendraceremindernotifications","timeoutSeconds":60,"environmentVariables":{"FIREBASE_CONFIG":"{\"projectId\":\"tmstipping\",\"databaseURL\":\"https://tmstipping-default-rtdb.firebaseio.com\",\"storageBucket\":\"tmstipping.firebasestorage.app\"}","GCLOUD_PROJECT":"tmstipping","EVENTARC_CLOUD_EVENT_SOURCE":"projects/tmstipping/locations/us-central1/services/sendRaceReminderNotifications","FUNCTION_TARGET":"sendRaceReminderNotifications","LOG_EXECUTION_ID":"true"},"ingressSettings":"ALLOW_ALL","uri":"https://sendraceremindernotifications-mnv7ocgriq-uc.a.run.app","serviceAccountEmail":"401677933527-compute@developer.gserviceaccount.com","availableMemory":"256Mi","allTrafficOnLatestRevision":true,"revision":"sendraceremindernotifications-00001-fib","maxInstanceRequestConcurrency":80,"availableCpu":"1"},"state":"ACTIVE","updateTime":"2026-04-08T06:38:46.732333271Z","labels":{"deployment-tool":"cli-firebase","deployment-scheduled":"true","firebase-functions-hash":"e7e5e3724683bbf75b6c57307881d9fd88efa803"},"environment":"GEN_2","url":"https://us-central1-tmstipping.cloudfunctions.net/sendRaceReminderNotifications","createTime":"2026-04-08T06:38:00.876440304Z","satisfiesPzi":true},{"name":"projects/tmstipping/locations/us-central1/functions/sendAdminNotification","buildConfig":{"build":"projects/401677933527/locations/us-central1/builds/f49767bb-120c-47a7-93a4-e375567e785d","runtime":"nodejs20","entryPoint":"sendAdminNotification","source":{"storageSource":{"bucket":"gcf-v2-sources-401677933527-us-central1","object":"sendAdminNotification/function-source.zip","generation":"1775630860039069"}},"environmentVariables":{"GOOGLE_NODE_RUN_SCRIPTS":""},"dockerRepository":"projects/tmstipping/locations/us-central1/repositories/gcf-artifacts","sourceProvenance":{"resolvedStorageSource":{"bucket":"gcf-v2-sources-401677933527-us-central1","object":"sendAdminNotification/function-source.zip","generation":"1775630860039069"}},"dockerRegistry":"ARTIFACT_REGISTRY","serviceAccount":"projects/tmstipping/serviceAccounts/401677933527-compute@developer.gserviceaccount.com","automaticUpdatePolicy":{}},"serviceConfig":{"service":"projects/tmstipping/locations/us-central1/services/sendadminnotification","timeoutSeconds":60,"environmentVariables":{"FIREBASE_CONFIG":"{\"projectId\":\"tmstipping\",\"databaseURL\":\"https://tmstipping-default-rtdb.firebaseio.com\",\"storageBucket\":\"tmstipping.firebasestorage.app\"}","GCLOUD_PROJECT":"tmstipping","EVENTARC_CLOUD_EVENT_SOURCE":"projects/tmstipping/locations/us-central1/services/sendAdminNotification","FUNCTION_TARGET":"sendAdminNotification","LOG_EXECUTION_ID":"true"},"ingressSettings":"ALLOW_ALL","uri":"https://sendadminnotification-mnv7ocgriq-uc.a.run.app","serviceAccountEmail":"401677933527-compute@developer.gserviceaccount.com","availableMemory":"256Mi","allTrafficOnLatestRevision":true,"revision":"sendadminnotification-00001-hab","maxInstanceRequestConcurrency":80,"availableCpu":"1"},"state":"ACTIVE","updateTime":"2026-04-08T06:48:28.225899689Z","labels":{"deployment-callable":"true","firebase-functions-hash":"e7e5e3724683bbf75b6c57307881d9fd88efa803","deployment-tool":"cli-firebase"},"environment":"GEN_2","url":"https://us-central1-tmstipping.cloudfunctions.net/sendAdminNotification","createTime":"2026-04-08T06:37:11.427409662Z","satisfiesPzi":true},{"name":"projects/tmstipping/locations/us-central1/functions/sendUserTestNotification","buildConfig":{"build":"projects/401677933527/locations/us-central1/builds/1f12d671-78af-4551-bcf7-0f077163a46b","runtime":"nodejs20","entryPoint":"sendUserTestNotification","source":{"storageSource":{"bucket":"gcf-v2-sources-401677933527-us-central1","object":"sendUserTestNotification/function-source.zip","generation":"1775630280306230"}},"environmentVariables":{"GOOGLE_NODE_RUN_SCRIPTS":""},"dockerRepository":"projects/tmstipping/locations/us-central1/repositories/gcf-artifacts","sourceProvenance":{"resolvedStorageSource":{"bucket":"gcf-v2-sources-401677933527-us-central1","object":"sendUserTestNotification/function-source.zip","generation":"1775630280306230"}},"dockerRegistry":"ARTIFACT_REGISTRY","serviceAccount":"projects/tmstipping/serviceAccounts/401677933527-compute@developer.gserviceaccount.com","automaticUpdatePolicy":{}},"serviceConfig":{"service":"projects/tmstipping/locations/us-central1/services/sendusertestnotification","timeoutSeconds":60,"environmentVariables":{"FIREBASE_CONFIG":"{\"projectId\":\"tmstipping\",\"databaseURL\":\"https://tmstipping-default-rtdb.firebaseio.com\",\"storageBucket\":\"tmstipping.firebasestorage.app\"}","GCLOUD_PROJECT":"tmstipping","EVENTARC_CLOUD_EVENT_SOURCE":"projects/tmstipping/locations/us-central1/services/sendUserTestNotification","FUNCTION_TARGET":"sendUserTestNotification","LOG_EXECUTION_ID":"true"},"ingressSettings":"ALLOW_ALL","uri":"https://sendusertestnotification-mnv7ocgriq-uc.a.run.app","serviceAccountEmail":"401677933527-compute@developer.gserviceaccount.com","availableMemory":"256Mi","allTrafficOnLatestRevision":true,"revision":"sendusertestnotification-00001-mah","maxInstanceRequestConcurrency":80,"availableCpu":"1"},"state":"ACTIVE","updateTime":"2026-04-08T06:38:47.348247027Z","labels":{"deployment-tool":"cli-firebase","deployment-callable":"true","firebase-functions-hash":"e7e5e3724683bbf75b6c57307881d9fd88efa803"},"environment":"GEN_2","url":"https://us-central1-tmstipping.cloudfunctions.net/sendUserTestNotification","createTime":"2026-04-08T06:38:00.548817341Z","satisfiesPzi":true}]}
[info] i  functions: ensuring required API cloudscheduler.googleapis.com is enabled... 
[debug] [2026-04-08T07:05:21.794Z] Checked if tokens are valid: true, expires at: 1775633650472
[debug] [2026-04-08T07:05:21.794Z] Checked if tokens are valid: true, expires at: 1775633650472
[debug] [2026-04-08T07:05:21.794Z] >>> [apiv2][query] GET https://serviceusage.googleapis.com/v1/projects/tmstipping/services/cloudscheduler.googleapis.com [none]
[debug] [2026-04-08T07:05:21.794Z] >>> [apiv2][(partial)header] GET https://serviceusage.googleapis.com/v1/projects/tmstipping/services/cloudscheduler.googleapis.com x-goog-quota-user=projects/tmstipping
[debug] [2026-04-08T07:05:22.225Z] <<< [apiv2][status] GET https://serviceusage.googleapis.com/v1/projects/tmstipping/services/cloudscheduler.googleapis.com 200
[debug] [2026-04-08T07:05:22.225Z] <<< [apiv2][body] GET https://serviceusage.googleapis.com/v1/projects/tmstipping/services/cloudscheduler.googleapis.com [omitted]
[info] +  functions: required API cloudscheduler.googleapis.com is enabled 
[info] i  functions: ensuring required API run.googleapis.com is enabled... 
[debug] [2026-04-08T07:05:22.226Z] Checked if tokens are valid: true, expires at: 1775633650472
[debug] [2026-04-08T07:05:22.227Z] Checked if tokens are valid: true, expires at: 1775633650472
[info] i  functions: ensuring required API eventarc.googleapis.com is enabled... 
[debug] [2026-04-08T07:05:22.227Z] Checked if tokens are valid: true, expires at: 1775633650472
[debug] [2026-04-08T07:05:22.227Z] Checked if tokens are valid: true, expires at: 1775633650472
[info] i  functions: ensuring required API pubsub.googleapis.com is enabled... 
[debug] [2026-04-08T07:05:22.228Z] Checked if tokens are valid: true, expires at: 1775633650472
[debug] [2026-04-08T07:05:22.228Z] Checked if tokens are valid: true, expires at: 1775633650472
[info] i  functions: ensuring required API storage.googleapis.com is enabled... 
[debug] [2026-04-08T07:05:22.228Z] Checked if tokens are valid: true, expires at: 1775633650472
[debug] [2026-04-08T07:05:22.228Z] Checked if tokens are valid: true, expires at: 1775633650472
[debug] [2026-04-08T07:05:22.229Z] >>> [apiv2][query] GET https://serviceusage.googleapis.com/v1/projects/tmstipping/services/run.googleapis.com [none]
[debug] [2026-04-08T07:05:22.229Z] >>> [apiv2][(partial)header] GET https://serviceusage.googleapis.com/v1/projects/tmstipping/services/run.googleapis.com x-goog-quota-user=projects/tmstipping
[debug] [2026-04-08T07:05:22.229Z] >>> [apiv2][query] GET https://serviceusage.googleapis.com/v1/projects/tmstipping/services/eventarc.googleapis.com [none]
[debug] [2026-04-08T07:05:22.229Z] >>> [apiv2][(partial)header] GET https://serviceusage.googleapis.com/v1/projects/tmstipping/services/eventarc.googleapis.com x-goog-quota-user=projects/tmstipping
[debug] [2026-04-08T07:05:22.232Z] >>> [apiv2][query] GET https://serviceusage.googleapis.com/v1/projects/tmstipping/services/pubsub.googleapis.com [none]
[debug] [2026-04-08T07:05:22.232Z] >>> [apiv2][(partial)header] GET https://serviceusage.googleapis.com/v1/projects/tmstipping/services/pubsub.googleapis.com x-goog-quota-user=projects/tmstipping
[debug] [2026-04-08T07:05:22.234Z] >>> [apiv2][query] GET https://serviceusage.googleapis.com/v1/projects/tmstipping/services/storage.googleapis.com [none]
[debug] [2026-04-08T07:05:22.234Z] >>> [apiv2][(partial)header] GET https://serviceusage.googleapis.com/v1/projects/tmstipping/services/storage.googleapis.com x-goog-quota-user=projects/tmstipping
[debug] [2026-04-08T07:05:22.827Z] <<< [apiv2][status] GET https://serviceusage.googleapis.com/v1/projects/tmstipping/services/pubsub.googleapis.com 200
[debug] [2026-04-08T07:05:22.827Z] <<< [apiv2][body] GET https://serviceusage.googleapis.com/v1/projects/tmstipping/services/pubsub.googleapis.com [omitted]
[info] +  functions: required API pubsub.googleapis.com is enabled 
[debug] [2026-04-08T07:05:23.838Z] <<< [apiv2][status] GET https://serviceusage.googleapis.com/v1/projects/tmstipping/services/run.googleapis.com 200
[debug] [2026-04-08T07:05:23.838Z] <<< [apiv2][body] GET https://serviceusage.googleapis.com/v1/projects/tmstipping/services/run.googleapis.com [omitted]
[info] +  functions: required API run.googleapis.com is enabled 
[debug] [2026-04-08T07:05:24.085Z] <<< [apiv2][status] GET https://serviceusage.googleapis.com/v1/projects/tmstipping/services/eventarc.googleapis.com 200
[debug] [2026-04-08T07:05:24.085Z] <<< [apiv2][body] GET https://serviceusage.googleapis.com/v1/projects/tmstipping/services/eventarc.googleapis.com [omitted]
[info] +  functions: required API eventarc.googleapis.com is enabled 
[debug] [2026-04-08T07:05:24.098Z] <<< [apiv2][status] GET https://serviceusage.googleapis.com/v1/projects/tmstipping/services/storage.googleapis.com 200
[debug] [2026-04-08T07:05:24.098Z] <<< [apiv2][body] GET https://serviceusage.googleapis.com/v1/projects/tmstipping/services/storage.googleapis.com [omitted]
[info] +  functions: required API storage.googleapis.com is enabled 
[info] i  functions: generating the service identity for pubsub.googleapis.com... 
[debug] [2026-04-08T07:05:24.099Z] Checked if tokens are valid: true, expires at: 1775633650472
[debug] [2026-04-08T07:05:24.099Z] Checked if tokens are valid: true, expires at: 1775633650472
[info] i  functions: generating the service identity for eventarc.googleapis.com... 
[debug] [2026-04-08T07:05:24.099Z] Checked if tokens are valid: true, expires at: 1775633650472
[debug] [2026-04-08T07:05:24.099Z] Checked if tokens are valid: true, expires at: 1775633650472
[debug] [2026-04-08T07:05:24.100Z] >>> [apiv2][query] POST https://serviceusage.googleapis.com/v1beta1/projects/401677933527/services/pubsub.googleapis.com:generateServiceIdentity [none]
[debug] [2026-04-08T07:05:24.100Z] >>> [apiv2][query] POST https://serviceusage.googleapis.com/v1beta1/projects/401677933527/services/eventarc.googleapis.com:generateServiceIdentity [none]
[debug] [2026-04-08T07:05:24.521Z] <<< [apiv2][status] POST https://serviceusage.googleapis.com/v1beta1/projects/401677933527/services/pubsub.googleapis.com:generateServiceIdentity 200
[debug] [2026-04-08T07:05:24.521Z] <<< [apiv2][body] POST https://serviceusage.googleapis.com/v1beta1/projects/401677933527/services/pubsub.googleapis.com:generateServiceIdentity {"name":"operations/finished.DONE_OPERATION","done":true,"response":{"@type":"type.googleapis.com/google.api.serviceusage.v1beta1.ServiceIdentity","email":"service-401677933527@gcp-sa-pubsub.iam.gserviceaccount.com","uniqueId":"115167881177035759131"}}
[debug] [2026-04-08T07:05:25.589Z] <<< [apiv2][status] POST https://serviceusage.googleapis.com/v1beta1/projects/401677933527/services/eventarc.googleapis.com:generateServiceIdentity 200
[debug] [2026-04-08T07:05:25.589Z] <<< [apiv2][body] POST https://serviceusage.googleapis.com/v1beta1/projects/401677933527/services/eventarc.googleapis.com:generateServiceIdentity {"name":"operations/finished.DONE_OPERATION","done":true,"response":{"@type":"type.googleapis.com/google.api.serviceusage.v1beta1.ServiceIdentity","email":"service-401677933527@gcp-sa-eventarc.iam.gserviceaccount.com","uniqueId":"103967294191855847314"}}
[debug] [2026-04-08T07:05:25.591Z] Checked if tokens are valid: true, expires at: 1775633650472
[debug] [2026-04-08T07:05:25.591Z] Checked if tokens are valid: true, expires at: 1775633650472
[debug] [2026-04-08T07:05:25.592Z] >>> [apiv2][query] GET https://cloudresourcemanager.googleapis.com/v1/projects/tmstipping [none]
[debug] [2026-04-08T07:05:25.979Z] <<< [apiv2][status] GET https://cloudresourcemanager.googleapis.com/v1/projects/tmstipping 200
[debug] [2026-04-08T07:05:25.980Z] <<< [apiv2][body] GET https://cloudresourcemanager.googleapis.com/v1/projects/tmstipping {"projectNumber":"401677933527","projectId":"tmstipping","lifecycleState":"ACTIVE","name":"tmstipping","labels":{"firebase":"enabled","firebase-core":"disabled"},"createTime":"2025-07-09T05:51:18.044987Z"}
[debug] [2026-04-08T07:05:25.980Z] Checked if tokens are valid: true, expires at: 1775633650472
[debug] [2026-04-08T07:05:25.980Z] Checked if tokens are valid: true, expires at: 1775633650472
[debug] [2026-04-08T07:05:25.981Z] >>> [apiv2][query] GET https://cloudbilling.googleapis.com/v1/projects/tmstipping/billingInfo [none]
[debug] [2026-04-08T07:05:27.634Z] <<< [apiv2][status] GET https://cloudbilling.googleapis.com/v1/projects/tmstipping/billingInfo 200
[debug] [2026-04-08T07:05:27.635Z] <<< [apiv2][body] GET https://cloudbilling.googleapis.com/v1/projects/tmstipping/billingInfo {"name":"projects/tmstipping/billingInfo","projectId":"tmstipping","billingAccountName":"billingAccounts/013E51-E31416-527BC3","billingEnabled":true}
[debug] [2026-04-08T07:05:27.636Z] Checked if tokens are valid: true, expires at: 1775633650472
[debug] [2026-04-08T07:05:27.637Z] Checked if tokens are valid: true, expires at: 1775633650472
[debug] [2026-04-08T07:05:27.637Z] >>> [apiv2][query] POST https://cloudfunctions.googleapis.com/v2/projects/tmstipping/locations/us-central1/functions:generateUploadUrl [none]
[debug] [2026-04-08T07:05:29.221Z] <<< [apiv2][status] POST https://cloudfunctions.googleapis.com/v2/projects/tmstipping/locations/us-central1/functions:generateUploadUrl 200
[debug] [2026-04-08T07:05:29.221Z] <<< [apiv2][body] POST https://cloudfunctions.googleapis.com/v2/projects/tmstipping/locations/us-central1/functions:generateUploadUrl {"uploadUrl":"https://storage.googleapis.com/gcf-v2-uploads-401677933527.us-central1.cloudfunctions.appspot.com/5df1ce9a-6f70-4fd7-9439-a4c6e85a7c03.zip?GoogleAccessId=service-401677933527@gcf-admin-robot.iam.gserviceaccount.com&Expires=1775633728&Signature=nXf5lw3AEwFFXkyCEFNgTbtME%2BB7ZstJNgvhHjq1Q8YnNCI8VwL5TifzUXKnFmzOYn%2BREThf8po24PQYa6M9vETfDPKhb8hJV7cPxR%2FcppbOo0ZvwLZvD1nsa12%2BomOKB6yHxKjL36THkWzYzMkjRppchBZRwhTFCCnCLa%2Fh%2FqIfesLHWtu7kVMXmJ4uVII6%2BjXupVMNIuEn1x1cTIuAYLBP%2FMavNAoxka%2BtImm45oWZp%2F939N2b1Xdj3HQg0UtHsW5WPkzURgigQoPwGSxx0Hh0d99TCH5eAgxrawjvoRyqIKOiARAu8mheB5k9nccfJYKDhv2QFIcm6c2FuJjcHA%3D%3D","storageSource":{"bucket":"gcf-v2-uploads-401677933527.us-central1.cloudfunctions.appspot.com","object":"5df1ce9a-6f70-4fd7-9439-a4c6e85a7c03.zip"}}
[debug] [2026-04-08T07:05:29.223Z] >>> [apiv2][query] PUT https://storage.googleapis.com/gcf-v2-uploads-401677933527.us-central1.cloudfunctions.appspot.com/5df1ce9a-6f70-4fd7-9439-a4c6e85a7c03.zip GoogleAccessId=service-401677933527%40gcf-admin-robot.iam.gserviceaccount.com&Expires=1775633728&Signature=nXf5lw3AEwFFXkyCEFNgTbtME%2BB7ZstJNgvhHjq1Q8YnNCI8VwL5TifzUXKnFmzOYn%2BREThf8po24PQYa6M9vETfDPKhb8hJV7cPxR%2FcppbOo0ZvwLZvD1nsa12%2BomOKB6yHxKjL36THkWzYzMkjRppchBZRwhTFCCnCLa%2Fh%2FqIfesLHWtu7kVMXmJ4uVII6%2BjXupVMNIuEn1x1cTIuAYLBP%2FMavNAoxka%2BtImm45oWZp%2F939N2b1Xdj3HQg0UtHsW5WPkzURgigQoPwGSxx0Hh0d99TCH5eAgxrawjvoRyqIKOiARAu8mheB5k9nccfJYKDhv2QFIcm6c2FuJjcHA%3D%3D
[debug] [2026-04-08T07:05:29.223Z] >>> [apiv2][body] PUT https://storage.googleapis.com/gcf-v2-uploads-401677933527.us-central1.cloudfunctions.appspot.com/5df1ce9a-6f70-4fd7-9439-a4c6e85a7c03.zip [stream]
[debug] [2026-04-08T07:05:29.857Z] <<< [apiv2][status] PUT https://storage.googleapis.com/gcf-v2-uploads-401677933527.us-central1.cloudfunctions.appspot.com/5df1ce9a-6f70-4fd7-9439-a4c6e85a7c03.zip 200
[debug] [2026-04-08T07:05:29.857Z] <<< [apiv2][body] PUT https://storage.googleapis.com/gcf-v2-uploads-401677933527.us-central1.cloudfunctions.appspot.com/5df1ce9a-6f70-4fd7-9439-a4c6e85a7c03.zip [omitted]
[info] +  functions: functions folder uploaded successfully 
[info] i  functions: updating Node.js 20 (2nd Gen) function sendAdminNotification(us-central1)... 
[info] i  functions: updating Node.js 20 (2nd Gen) function sendUserTestNotification(us-central1)... 
[info] i  functions: updating Node.js 20 (2nd Gen) function sendNotificationTest(us-central1)... 
[info] i  functions: updating Node.js 20 (2nd Gen) function upsertRaceReminderSubscriptions(us-central1)... 
[info] i  functions: updating Node.js 20 (2nd Gen) function sendRaceReminderNotifications(us-central1)... 
[debug] [2026-04-08T07:05:29.865Z] Checked if tokens are valid: true, expires at: 1775633650472
[debug] [2026-04-08T07:05:29.865Z] Checked if tokens are valid: true, expires at: 1775633650472
[debug] [2026-04-08T07:05:29.866Z] >>> [apiv2][query] PATCH https://cloudfunctions.googleapis.com/v2/projects/tmstipping/locations/us-central1/functions/sendAdminNotification updateMask=name%2CbuildConfig.runtime%2CbuildConfig.entryPoint%2CbuildConfig.source.storageSource.bucket%2CbuildConfig.source.storageSource.object%2CbuildConfig.environmentVariables%2CbuildConfig.sourceToken%2CserviceConfig.environmentVariables%2CserviceConfig.ingressSettings%2CserviceConfig.timeoutSeconds%2CserviceConfig.serviceAccountEmail%2CserviceConfig.availableMemory%2CserviceConfig.minInstanceCount%2CserviceConfig.maxInstanceCount%2CserviceConfig.maxInstanceRequestConcurrency%2CserviceConfig.availableCpu%2CserviceConfig.vpcConnector%2CserviceConfig.vpcConnectorEgressSettings%2Clabels%2CbuildConfig.buildEnvironmentVariables
[debug] [2026-04-08T07:05:29.866Z] >>> [apiv2][body] PATCH https://cloudfunctions.googleapis.com/v2/projects/tmstipping/locations/us-central1/functions/sendAdminNotification {"name":"projects/tmstipping/locations/us-central1/functions/sendAdminNotification","buildConfig":{"runtime":"nodejs20","entryPoint":"sendAdminNotification","source":{"storageSource":{"bucket":"gcf-v2-uploads-401677933527.us-central1.cloudfunctions.appspot.com","object":"5df1ce9a-6f70-4fd7-9439-a4c6e85a7c03.zip"}},"environmentVariables":{"GOOGLE_NODE_RUN_SCRIPTS":""}},"serviceConfig":{"environmentVariables":{"FIREBASE_CONFIG":"{\"projectId\":\"tmstipping\",\"databaseURL\":\"https://tmstipping-default-rtdb.firebaseio.com\",\"storageBucket\":\"tmstipping.firebasestorage.app\"}","GCLOUD_PROJECT":"tmstipping","EVENTARC_CLOUD_EVENT_SOURCE":"projects/tmstipping/locations/us-central1/services/sendAdminNotification","FUNCTION_TARGET":"sendAdminNotification","LOG_EXECUTION_ID":"true"},"ingressSettings":null,"timeoutSeconds":null,"serviceAccountEmail":null,"availableMemory":"256Mi","minInstanceCount":null,"maxInstanceCount":null,"maxInstanceRequestConcurrency":80,"availableCpu":"1","vpcConnector":null,"vpcConnectorEgressSettings":null},"labels":{"deployment-tool":"cli-firebase","deployment-callable":"true","firebase-functions-hash":"6c3cb699d2f66a1d08ab5555d050deb297817811"}}
[debug] [2026-04-08T07:05:32.027Z] <<< [apiv2][status] PATCH https://cloudfunctions.googleapis.com/v2/projects/tmstipping/locations/us-central1/functions/sendAdminNotification 200
[debug] [2026-04-08T07:05:32.027Z] <<< [apiv2][body] PATCH https://cloudfunctions.googleapis.com/v2/projects/tmstipping/locations/us-central1/functions/sendAdminNotification {"name":"projects/tmstipping/locations/us-central1/operations/operation-1775631930833-64eed867d3c00-605eabf5-5b8492b4","metadata":{"@type":"type.googleapis.com/google.cloud.functions.v2.OperationMetadata","createTime":"2026-04-08T07:05:31.593756250Z","target":"projects/tmstipping/locations/us-central1/functions/sendAdminNotification","verb":"update","cancelRequested":false,"apiVersion":"v2"},"done":false}
[debug] [2026-04-08T07:05:32.027Z] Checked if tokens are valid: true, expires at: 1775633650472
[debug] [2026-04-08T07:05:32.027Z] Checked if tokens are valid: true, expires at: 1775633650472
[debug] [2026-04-08T07:05:32.027Z] >>> [apiv2][query] GET https://cloudfunctions.googleapis.com/v2/projects/tmstipping/locations/us-central1/operations/operation-1775631930833-64eed867d3c00-605eabf5-5b8492b4 [none]
[debug] [2026-04-08T07:05:32.382Z] <<< [apiv2][status] GET https://cloudfunctions.googleapis.com/v2/projects/tmstipping/locations/us-central1/operations/operation-1775631930833-64eed867d3c00-605eabf5-5b8492b4 200
[debug] [2026-04-08T07:05:32.382Z] <<< [apiv2][body] GET https://cloudfunctions.googleapis.com/v2/projects/tmstipping/locations/us-central1/operations/operation-1775631930833-64eed867d3c00-605eabf5-5b8492b4 {"name":"projects/tmstipping/locations/us-central1/operations/operation-1775631930833-64eed867d3c00-605eabf5-5b8492b4","metadata":{"@type":"type.googleapis.com/google.cloud.functions.v2.OperationMetadata","createTime":"2026-04-08T07:05:31.593756250Z","target":"projects/tmstipping/locations/us-central1/functions/sendAdminNotification","verb":"update","cancelRequested":false,"apiVersion":"v2","requestResource":{"@type":"type.googleapis.com/google.cloud.functions.v2.Function","name":"projects/tmstipping/locations/us-central1/functions/sendAdminNotification","buildConfig":{"runtime":"nodejs20","entryPoint":"sendAdminNotification","source":{"storageSource":{"bucket":"gcf-v2-sources-401677933527-us-central1","object":"sendAdminNotification/function-source.zip","generation":"1775631931548379"}},"environmentVariables":{"GOOGLE_NODE_RUN_SCRIPTS":""},"dockerRepository":"projects/tmstipping/locations/us-central1/repositories/gcf-artifacts","sourceProvenance":{"resolvedStorageSource":{"bucket":"gcf-v2-sources-401677933527-us-central1","object":"sendAdminNotification/function-source.zip","generation":"1775630860039069"}},"dockerRegistry":"ARTIFACT_REGISTRY","serviceAccount":"projects/tmstipping/serviceAccounts/401677933527-compute@developer.gserviceaccount.com","automaticUpdatePolicy":{}},"serviceConfig":{"service":"projects/tmstipping/locations/us-central1/services/sendadminnotification","timeoutSeconds":60,"environmentVariables":{"FIREBASE_CONFIG":"{\"projectId\":\"tmstipping\",\"databaseURL\":\"https://tmstipping-default-rtdb.firebaseio.com\",\"storageBucket\":\"tmstipping.firebasestorage.app\"}","GCLOUD_PROJECT":"tmstipping","EVENTARC_CLOUD_EVENT_SOURCE":"projects/tmstipping/locations/us-central1/services/sendAdminNotification","FUNCTION_TARGET":"sendAdminNotification","LOG_EXECUTION_ID":"true"},"ingressSettings":"ALLOW_ALL","uri":"https://sendadminnotification-mnv7ocgriq-uc.a.run.app","serviceAccountEmail":"401677933527-compute@developer.gserviceaccount.com","availableMemory":"256Mi","allTrafficOnLatestRevision":true,"revision":"sendadminnotification-00001-hab","maxInstanceRequestConcurrency":80,"availableCpu":"1"},"state":"ACTIVE","labels":{"deployment-tool":"cloudfunctions","deployment-callable":"true","firebase-functions-hash":"6c3cb699d2f66a1d08ab5555d050deb297817811"},"environment":"GEN_2","url":"https://us-central1-tmstipping.cloudfunctions.net/sendAdminNotification","satisfiesPzi":true},"stages":[{"name":"BUILD","state":"NOT_STARTED","stateMessages":[{"severity":"WARNING","type":"BuildAnalysisWarning","message":"Node.js 20 is no longer supported by the Node.js community as of 30 April, 2026. Node.js 20 will be deprecated on 2026-04-30. We recommend you to upgrade to the latest version of Node.js as soon as possible."}]},{"name":"SERVICE","state":"NOT_STARTED"}],"operationType":"UPDATE_FUNCTION"},"done":false}
[debug] [2026-04-08T07:05:32.892Z] [update-default-us-central1-sendAdminNotification] Retrying task index 0
[debug] [2026-04-08T07:05:32.893Z] Checked if tokens are valid: true, expires at: 1775633650472
[debug] [2026-04-08T07:05:32.893Z] Checked if tokens are valid: true, expires at: 1775633650472
[debug] [2026-04-08T07:05:32.893Z] >>> [apiv2][query] GET https://cloudfunctions.googleapis.com/v2/projects/tmstipping/locations/us-central1/operations/operation-1775631930833-64eed867d3c00-605eabf5-5b8492b4 [none]
[debug] [2026-04-08T07:05:34.326Z] <<< [apiv2][status] GET https://cloudfunctions.googleapis.com/v2/projects/tmstipping/locations/us-central1/operations/operation-1775631930833-64eed867d3c00-605eabf5-5b8492b4 200
[debug] [2026-04-08T07:05:34.327Z] <<< [apiv2][body] GET https://cloudfunctions.googleapis.com/v2/projects/tmstipping/locations/us-central1/operations/operation-1775631930833-64eed867d3c00-605eabf5-5b8492b4 {"name":"projects/tmstipping/locations/us-central1/operations/operation-1775631930833-64eed867d3c00-605eabf5-5b8492b4","metadata":{"@type":"type.googleapis.com/google.cloud.functions.v2.OperationMetadata","createTime":"2026-04-08T07:05:31.593756250Z","target":"projects/tmstipping/locations/us-central1/functions/sendAdminNotification","verb":"update","cancelRequested":false,"apiVersion":"v2","requestResource":{"@type":"type.googleapis.com/google.cloud.functions.v2.Function","name":"projects/tmstipping/locations/us-central1/functions/sendAdminNotification","buildConfig":{"runtime":"nodejs20","entryPoint":"sendAdminNotification","source":{"storageSource":{"bucket":"gcf-v2-sources-401677933527-us-central1","object":"sendAdminNotification/function-source.zip","generation":"1775631931548379"}},"environmentVariables":{"GOOGLE_NODE_RUN_SCRIPTS":""},"dockerRepository":"projects/tmstipping/locations/us-central1/repositories/gcf-artifacts","sourceProvenance":{"resolvedStorageSource":{"bucket":"gcf-v2-sources-401677933527-us-central1","object":"sendAdminNotification/function-source.zip","generation":"1775630860039069"}},"dockerRegistry":"ARTIFACT_REGISTRY","serviceAccount":"projects/tmstipping/serviceAccounts/401677933527-compute@developer.gserviceaccount.com","automaticUpdatePolicy":{}},"serviceConfig":{"service":"projects/tmstipping/locations/us-central1/services/sendadminnotification","timeoutSeconds":60,"environmentVariables":{"FIREBASE_CONFIG":"{\"projectId\":\"tmstipping\",\"databaseURL\":\"https://tmstipping-default-rtdb.firebaseio.com\",\"storageBucket\":\"tmstipping.firebasestorage.app\"}","GCLOUD_PROJECT":"tmstipping","EVENTARC_CLOUD_EVENT_SOURCE":"projects/tmstipping/locations/us-central1/services/sendAdminNotification","FUNCTION_TARGET":"sendAdminNotification","LOG_EXECUTION_ID":"true"},"ingressSettings":"ALLOW_ALL","uri":"https://sendadminnotification-mnv7ocgriq-uc.a.run.app","serviceAccountEmail":"401677933527-compute@developer.gserviceaccount.com","availableMemory":"256Mi","allTrafficOnLatestRevision":true,"revision":"sendadminnotification-00001-hab","maxInstanceRequestConcurrency":80,"availableCpu":"1"},"state":"ACTIVE","labels":{"deployment-tool":"cloudfunctions","deployment-callable":"true","firebase-functions-hash":"6c3cb699d2f66a1d08ab5555d050deb297817811"},"environment":"GEN_2","url":"https://us-central1-tmstipping.cloudfunctions.net/sendAdminNotification","satisfiesPzi":true},"stages":[{"name":"BUILD","message":"Build in progress","state":"IN_PROGRESS","resource":"projects/401677933527/locations/us-central1/builds/ab2fd9df-3a8e-4f9f-abc4-9544c1f3de78","resourceUri":"https://console.cloud.google.com/cloud-build/builds;region=us-central1/ab2fd9df-3a8e-4f9f-abc4-9544c1f3de78?project=401677933527"},{"name":"SERVICE","state":"NOT_STARTED"}],"operationType":"UPDATE_FUNCTION","buildName":"projects/401677933527/locations/us-central1/builds/ab2fd9df-3a8e-4f9f-abc4-9544c1f3de78"},"done":false}
[debug] [2026-04-08T07:05:35.339Z] [update-default-us-central1-sendAdminNotification] Retrying task index 0
[debug] [2026-04-08T07:05:35.340Z] Checked if tokens are valid: true, expires at: 1775633650472
[debug] [2026-04-08T07:05:35.340Z] Checked if tokens are valid: true, expires at: 1775633650472
[debug] [2026-04-08T07:05:35.340Z] >>> [apiv2][query] GET https://cloudfunctions.googleapis.com/v2/projects/tmstipping/locations/us-central1/operations/operation-1775631930833-64eed867d3c00-605eabf5-5b8492b4 [none]
[debug] [2026-04-08T07:05:36.727Z] <<< [apiv2][status] GET https://cloudfunctions.googleapis.com/v2/projects/tmstipping/locations/us-central1/operations/operation-1775631930833-64eed867d3c00-605eabf5-5b8492b4 200
[debug] [2026-04-08T07:05:36.728Z] <<< [apiv2][body] GET https://cloudfunctions.googleapis.com/v2/projects/tmstipping/locations/us-central1/operations/operation-1775631930833-64eed867d3c00-605eabf5-5b8492b4 {"name":"projects/tmstipping/locations/us-central1/operations/operation-1775631930833-64eed867d3c00-605eabf5-5b8492b4","metadata":{"@type":"type.googleapis.com/google.cloud.functions.v2.OperationMetadata","createTime":"2026-04-08T07:05:31.593756250Z","target":"projects/tmstipping/locations/us-central1/functions/sendAdminNotification","verb":"update","cancelRequested":false,"apiVersion":"v2","requestResource":{"@type":"type.googleapis.com/google.cloud.functions.v2.Function","name":"projects/tmstipping/locations/us-central1/functions/sendAdminNotification","buildConfig":{"runtime":"nodejs20","entryPoint":"sendAdminNotification","source":{"storageSource":{"bucket":"gcf-v2-sources-401677933527-us-central1","object":"sendAdminNotification/function-source.zip","generation":"1775631931548379"}},"environmentVariables":{"GOOGLE_NODE_RUN_SCRIPTS":""},"dockerRepository":"projects/tmstipping/locations/us-central1/repositories/gcf-artifacts","sourceProvenance":{"resolvedStorageSource":{"bucket":"gcf-v2-sources-401677933527-us-central1","object":"sendAdminNotification/function-source.zip","generation":"1775630860039069"}},"dockerRegistry":"ARTIFACT_REGISTRY","serviceAccount":"projects/tmstipping/serviceAccounts/401677933527-compute@developer.gserviceaccount.com","automaticUpdatePolicy":{}},"serviceConfig":{"service":"projects/tmstipping/locations/us-central1/services/sendadminnotification","timeoutSeconds":60,"environmentVariables":{"FIREBASE_CONFIG":"{\"projectId\":\"tmstipping\",\"databaseURL\":\"https://tmstipping-default-rtdb.firebaseio.com\",\"storageBucket\":\"tmstipping.firebasestorage.app\"}","GCLOUD_PROJECT":"tmstipping","EVENTARC_CLOUD_EVENT_SOURCE":"projects/tmstipping/locations/us-central1/services/sendAdminNotification","FUNCTION_TARGET":"sendAdminNotification","LOG_EXECUTION_ID":"true"},"ingressSettings":"ALLOW_ALL","uri":"https://sendadminnotification-mnv7ocgriq-uc.a.run.app","serviceAccountEmail":"401677933527-compute@developer.gserviceaccount.com","availableMemory":"256Mi","allTrafficOnLatestRevision":true,"revision":"sendadminnotification-00001-hab","maxInstanceRequestConcurrency":80,"availableCpu":"1"},"state":"ACTIVE","labels":{"deployment-tool":"cloudfunctions","deployment-callable":"true","firebase-functions-hash":"6c3cb699d2f66a1d08ab5555d050deb297817811"},"environment":"GEN_2","url":"https://us-central1-tmstipping.cloudfunctions.net/sendAdminNotification","satisfiesPzi":true},"stages":[{"name":"BUILD","message":"Build in progress","state":"IN_PROGRESS","resource":"projects/401677933527/locations/us-central1/builds/ab2fd9df-3a8e-4f9f-abc4-9544c1f3de78","resourceUri":"https://console.cloud.google.com/cloud-build/builds;region=us-central1/ab2fd9df-3a8e-4f9f-abc4-9544c1f3de78?project=401677933527"},{"name":"SERVICE","state":"NOT_STARTED"}],"operationType":"UPDATE_FUNCTION","buildName":"projects/401677933527/locations/us-central1/builds/ab2fd9df-3a8e-4f9f-abc4-9544c1f3de78"},"done":false}
[debug] [2026-04-08T07:05:38.734Z] [update-default-us-central1-sendAdminNotification] Retrying task index 0
[debug] [2026-04-08T07:05:38.735Z] Checked if tokens are valid: true, expires at: 1775633650472
[debug] [2026-04-08T07:05:38.735Z] Checked if tokens are valid: true, expires at: 1775633650472
[debug] [2026-04-08T07:05:38.735Z] >>> [apiv2][query] GET https://cloudfunctions.googleapis.com/v2/projects/tmstipping/locations/us-central1/operations/operation-1775631930833-64eed867d3c00-605eabf5-5b8492b4 [none]
[debug] [2026-04-08T07:05:40.150Z] <<< [apiv2][status] GET https://cloudfunctions.googleapis.com/v2/projects/tmstipping/locations/us-central1/operations/operation-1775631930833-64eed867d3c00-605eabf5-5b8492b4 200
[debug] [2026-04-08T07:05:40.150Z] <<< [apiv2][body] GET https://cloudfunctions.googleapis.com/v2/projects/tmstipping/locations/us-central1/operations/operation-1775631930833-64eed867d3c00-605eabf5-5b8492b4 {"name":"projects/tmstipping/locations/us-central1/operations/operation-1775631930833-64eed867d3c00-605eabf5-5b8492b4","metadata":{"@type":"type.googleapis.com/google.cloud.functions.v2.OperationMetadata","createTime":"2026-04-08T07:05:31.593756250Z","target":"projects/tmstipping/locations/us-central1/functions/sendAdminNotification","verb":"update","cancelRequested":false,"apiVersion":"v2","requestResource":{"@type":"type.googleapis.com/google.cloud.functions.v2.Function","name":"projects/tmstipping/locations/us-central1/functions/sendAdminNotification","buildConfig":{"runtime":"nodejs20","entryPoint":"sendAdminNotification","source":{"storageSource":{"bucket":"gcf-v2-sources-401677933527-us-central1","object":"sendAdminNotification/function-source.zip","generation":"1775631931548379"}},"environmentVariables":{"GOOGLE_NODE_RUN_SCRIPTS":""},"dockerRepository":"projects/tmstipping/locations/us-central1/repositories/gcf-artifacts","sourceProvenance":{"resolvedStorageSource":{"bucket":"gcf-v2-sources-401677933527-us-central1","object":"sendAdminNotification/function-source.zip","generation":"1775630860039069"}},"dockerRegistry":"ARTIFACT_REGISTRY","serviceAccount":"projects/tmstipping/serviceAccounts/401677933527-compute@developer.gserviceaccount.com","automaticUpdatePolicy":{}},"serviceConfig":{"service":"projects/tmstipping/locations/us-central1/services/sendadminnotification","timeoutSeconds":60,"environmentVariables":{"FIREBASE_CONFIG":"{\"projectId\":\"tmstipping\",\"databaseURL\":\"https://tmstipping-default-rtdb.firebaseio.com\",\"storageBucket\":\"tmstipping.firebasestorage.app\"}","GCLOUD_PROJECT":"tmstipping","EVENTARC_CLOUD_EVENT_SOURCE":"projects/tmstipping/locations/us-central1/services/sendAdminNotification","FUNCTION_TARGET":"sendAdminNotification","LOG_EXECUTION_ID":"true"},"ingressSettings":"ALLOW_ALL","uri":"https://sendadminnotification-mnv7ocgriq-uc.a.run.app","serviceAccountEmail":"401677933527-compute@developer.gserviceaccount.com","availableMemory":"256Mi","allTrafficOnLatestRevision":true,"revision":"sendadminnotification-00001-hab","maxInstanceRequestConcurrency":80,"availableCpu":"1"},"state":"ACTIVE","labels":{"deployment-tool":"cloudfunctions","deployment-callable":"true","firebase-functions-hash":"6c3cb699d2f66a1d08ab5555d050deb297817811"},"environment":"GEN_2","url":"https://us-central1-tmstipping.cloudfunctions.net/sendAdminNotification","satisfiesPzi":true},"stages":[{"name":"BUILD","message":"Build in progress","state":"IN_PROGRESS","resource":"projects/401677933527/locations/us-central1/builds/ab2fd9df-3a8e-4f9f-abc4-9544c1f3de78","resourceUri":"https://console.cloud.google.com/cloud-build/builds;region=us-central1/ab2fd9df-3a8e-4f9f-abc4-9544c1f3de78?project=401677933527"},{"name":"SERVICE","state":"NOT_STARTED"}],"operationType":"UPDATE_FUNCTION","buildName":"projects/401677933527/locations/us-central1/builds/ab2fd9df-3a8e-4f9f-abc4-9544c1f3de78"},"done":false}
[debug] [2026-04-08T07:05:44.192Z] [update-default-us-central1-sendAdminNotification] Retrying task index 0
[debug] [2026-04-08T07:05:44.193Z] Checked if tokens are valid: true, expires at: 1775633650472
[debug] [2026-04-08T07:05:44.193Z] Checked if tokens are valid: true, expires at: 1775633650472
[debug] [2026-04-08T07:05:44.193Z] >>> [apiv2][query] GET https://cloudfunctions.googleapis.com/v2/projects/tmstipping/locations/us-central1/operations/operation-1775631930833-64eed867d3c00-605eabf5-5b8492b4 [none]
[debug] [2026-04-08T07:05:45.599Z] <<< [apiv2][status] GET https://cloudfunctions.googleapis.com/v2/projects/tmstipping/locations/us-central1/operations/operation-1775631930833-64eed867d3c00-605eabf5-5b8492b4 200
[debug] [2026-04-08T07:05:45.600Z] <<< [apiv2][body] GET https://cloudfunctions.googleapis.com/v2/projects/tmstipping/locations/us-central1/operations/operation-1775631930833-64eed867d3c00-605eabf5-5b8492b4 {"name":"projects/tmstipping/locations/us-central1/operations/operation-1775631930833-64eed867d3c00-605eabf5-5b8492b4","metadata":{"@type":"type.googleapis.com/google.cloud.functions.v2.OperationMetadata","createTime":"2026-04-08T07:05:31.593756250Z","target":"projects/tmstipping/locations/us-central1/functions/sendAdminNotification","verb":"update","cancelRequested":false,"apiVersion":"v2","requestResource":{"@type":"type.googleapis.com/google.cloud.functions.v2.Function","name":"projects/tmstipping/locations/us-central1/functions/sendAdminNotification","buildConfig":{"runtime":"nodejs20","entryPoint":"sendAdminNotification","source":{"storageSource":{"bucket":"gcf-v2-sources-401677933527-us-central1","object":"sendAdminNotification/function-source.zip","generation":"1775631931548379"}},"environmentVariables":{"GOOGLE_NODE_RUN_SCRIPTS":""},"dockerRepository":"projects/tmstipping/locations/us-central1/repositories/gcf-artifacts","sourceProvenance":{"resolvedStorageSource":{"bucket":"gcf-v2-sources-401677933527-us-central1","object":"sendAdminNotification/function-source.zip","generation":"1775630860039069"}},"dockerRegistry":"ARTIFACT_REGISTRY","serviceAccount":"projects/tmstipping/serviceAccounts/401677933527-compute@developer.gserviceaccount.com","automaticUpdatePolicy":{}},"serviceConfig":{"service":"projects/tmstipping/locations/us-central1/services/sendadminnotification","timeoutSeconds":60,"environmentVariables":{"FIREBASE_CONFIG":"{\"projectId\":\"tmstipping\",\"databaseURL\":\"https://tmstipping-default-rtdb.firebaseio.com\",\"storageBucket\":\"tmstipping.firebasestorage.app\"}","GCLOUD_PROJECT":"tmstipping","EVENTARC_CLOUD_EVENT_SOURCE":"projects/tmstipping/locations/us-central1/services/sendAdminNotification","FUNCTION_TARGET":"sendAdminNotification","LOG_EXECUTION_ID":"true"},"ingressSettings":"ALLOW_ALL","uri":"https://sendadminnotification-mnv7ocgriq-uc.a.run.app","serviceAccountEmail":"401677933527-compute@developer.gserviceaccount.com","availableMemory":"256Mi","allTrafficOnLatestRevision":true,"revision":"sendadminnotification-00001-hab","maxInstanceRequestConcurrency":80,"availableCpu":"1"},"state":"ACTIVE","labels":{"deployment-tool":"cloudfunctions","deployment-callable":"true","firebase-functions-hash":"6c3cb699d2f66a1d08ab5555d050deb297817811"},"environment":"GEN_2","url":"https://us-central1-tmstipping.cloudfunctions.net/sendAdminNotification","satisfiesPzi":true},"stages":[{"name":"BUILD","message":"Build in progress","state":"IN_PROGRESS","resource":"projects/401677933527/locations/us-central1/builds/ab2fd9df-3a8e-4f9f-abc4-9544c1f3de78","resourceUri":"https://console.cloud.google.com/cloud-build/builds;region=us-central1/ab2fd9df-3a8e-4f9f-abc4-9544c1f3de78?project=401677933527"},{"name":"SERVICE","state":"NOT_STARTED"}],"operationType":"UPDATE_FUNCTION","buildName":"projects/401677933527/locations/us-central1/builds/ab2fd9df-3a8e-4f9f-abc4-9544c1f3de78"},"done":false}
